2025-04-23 09:15:00.732 | INFO  | ProcessID=2231 | Method=validateSession | Session for user admin validated successfully.
2025-04-23 09:15:30.010 | ERROR | ProcessID=2231 | Method=fetchFile | Failed to fetch file. Error code: 404 (File Not Found).
2025-04-23 09:15:50.456 | WARNING | ProcessID=2231 | Method=updateCache | Cache update slower than expected. Time: 1.2s.
2025-04-23 09:16:10.227 | DEBUG | ProcessID=2231 | Method=checkCache | Cache status: {hit: 78%, miss: 22%}.
2025-04-23 09:16:35.654 | ALERT | ProcessID=2231 | Method=systemMonitor | ALERT: High CPU usage detected. 95% utilization.
2025-04-23 09:17:00.004 | INFO  | ProcessID=2231 | Method=startTask | Background task started successfully.
2025-04-23 09:17:25.310 | ERROR | ProcessID=2231 | Method=processOrder | Order processing failed due to payment gateway timeout.
2025-04-23 09:17:55.885 | DEBUG | ProcessID=2231 | Method=processOrder | Order details: {orderID: 9876, totalAmount: 150.00, userID: 12345}.
2025-04-23 09:18:10.205 | FAILURE | ProcessID=2231 | Method=validateCreditCard | Credit card validation failed. Error: Insufficient balance.
2025-04-23 09:18:40.671 | INFO  | ProcessID=2231 | Method=completeTransaction | Transaction completed successfully. Transaction ID: 111222.
2025-04-23 09:19:00.392 | WARNING | ProcessID=2231 | Method=checkSession | Session expiry time approaching. 5 minutes remaining.
2025-04-23 09:19:25.572 | ALERT | ProcessID=2231 | Method=checkDatabase | ALERT: Database replication lag detected. Lag: 3 minutes.
2025-04-23 09:19:45.814 | ERROR | ProcessID=2231 | Method=loadResource | Resource loading failed. Error Code: 502 (Bad Gateway).
2025-04-23 09:20:05.122 | DEBUG | ProcessID=2231 | Method=loadResource | Retrieving resource from: https://api.example.com/v1/resource.
2025-04-23 09:20:25.980 | FAILURE | ProcessID=2231 | Method=processRefund | Refund failed due to payment gateway error: "Transaction not found."
2025-04-23 09:20:45.500 | INFO  | ProcessID=2231 | Method=logActivity | User admin logged in successfully.
2025-04-23 09:21:00.256 | ERROR | ProcessID=2231 | Method=generateReport | Report generation failed. Error: Missing required parameters.
2025-04-23 09:21:25.885 | DEBUG | ProcessID=2231 | Method=generateReport | Parameters provided: {startDate: 2025-04-01, endDate: 2025-04-23}.
2025-04-23 09:21:50.342 | ALERT | ProcessID=2231 | Method=checkFirewall | ALERT: Suspicious activity detected in firewall logs.
2025-04-23 09:22:05.432 | FAILURE | ProcessID=2231 | Method=sendPushNotification | Failed to send push notification. User token expired.
2025-04-23 09:22:30.625 | INFO  | ProcessID=2231 | Method=flushLogs | Log file successfully flushed to disk.
2025-04-23 09:23:00.105 | DEBUG | ProcessID=2231 | Method=flushLogs | Flushing log buffer with 1000 entries.
2025-04-23 09:23:15.670 | ERROR | ProcessID=2231 | Method=restartService | Service restart failed. Error: Service already running.
2025-04-23 09:23:45.321 | INFO  | ProcessID=2231 | Method=startService | Service started successfully. Service: WebServer.
2025-04-23 09:24:10.581 | WARNING | ProcessID=2231 | Method=serviceHealthCheck | WebServer response time is 600ms.
2025-04-23 09:24:35.913 | ALERT | ProcessID=2231 | Method=updateSecurity | ALERT: New security patch is available. Immediate update recommended.
2025-04-23 09:25:00.640 | DEBUG | ProcessID=2231 | Method=updateSecurity | Applying security patch version 4.2.1.
2025-04-23 09:25:20.795 | FAILURE | ProcessID=2231 | Method=applySecurityPatch | Failed to apply security patch. Error: Patch validation failed.
2025-04-23 09:25:45.104 | ERROR | ProcessID=2231 | Method=applySecurityPatch | Security patch application failed due to missing dependencies.
2025-04-23 09:26:10.421 | INFO  | ProcessID=2231 | Method=cleanUpTempFiles | Temporary files cleaned successfully. 350MB freed.
2025-04-23 09:26:40.211 | ALERT | ProcessID=2231 | Method=checkLicense | ALERT: License for product X will expire in 7 days.
2025-04-23 09:27:05.180 | INFO  | ProcessID=2231 | Method=backupSystem | Full system backup completed successfully. Backup ID: 556688.
2025-04-23 09:27:30.395 | DEBUG | ProcessID=2231 | Method=backupSystem | Backup files: {backup1.tar.gz, backup2.tar.gz, backup3.tar.gz}.
2025-04-23 09:28:00.612 | WARNING | ProcessID=2231 | Method=databaseHealthCheck | Database disk usage exceeds 80%. Cleanup recommended.
2025-04-23 09:28:30.943 | ERROR | ProcessID=2231 | Method=restoreFromBackup | Backup restoration failed. File corrupted: backup2.tar.gz.
2025-04-23 09:29:00.104 | FAILURE | ProcessID=2231 | Method=performAudit | Audit failed due to missing records in database.
2025-04-23 09:29:30.732 | ALERT | ProcessID=2231 | Method=monitorNetwork | ALERT: Network latency detected. 2.5s response time.
2025-04-23 09:30:00.204 | INFO  | ProcessID=2231 | Method=loadConfiguration | Configuration file loaded successfully.
2025-04-23 09:30:30.523 | DEBUG | ProcessID=2231 | Method=loadConfiguration | Config file path: /etc/config/settings.conf
2025-04-23 09:31:00.742 | FAILURE | ProcessID=2231 | Method=fetchDataFromAPI | API call failed. Timeout reached after 30 seconds.
2025-04-23 09:31:30.824 | WARNING | ProcessID=2231 | Method=fetchDataFromAPI | API response time is higher than expected. 2.2s.
2025-04-23 09:32:00.005 | ALERT | ProcessID=2231 | Method=memoryUsage | ALERT: Memory usage at 95%. Possible memory leak detected.
2025-04-23 09:32:30.149 | ERROR | ProcessID=2231 | Method=processFileUpload | File upload failed. Reason: Invalid file format.
2025-04-23 09:33:00.400 | INFO  | ProcessID=2231 | Method=generateReport | Report generated. Report ID: 778899.
2025-04-23 09:33:30.613 | DEBUG | ProcessID=2231 | Method=generateReport | Report type: Daily Summary, Date: 2025-04-23.
2025-04-23 09:34:00.852 | FAILURE | ProcessID=2231 | Method=loginUser | Login failed. User account is locked due to multiple failed attempts.
2025-04-23 09:34:30.973 | ALERT | ProcessID=2231 | Method=monitorServer | ALERT: Server load exceeds 85%. Immediate action required.
2025-04-23 09:35:00.120 | INFO  | ProcessID=2231 | Method=sendBatchEmails | Batch email send started. Total recipients: 500.
2025-04-23 09:35:30.655 | DEBUG | ProcessID=2231 | Method=sendBatchEmails | Sending email to user123@example.com.
2025-04-23 09:36:00.701 | ERROR | ProcessID=2231 | Method=sendBatchEmails | Failed to send email to user456@example.com. Error: SMTP server not responding.
2025-04-23 09:36:30.804 | INFO  | ProcessID=2231 | Method=deleteTempFiles | Deleted 15GB of temporary files.
2025-04-23 09:37:00.135 | WARNING | ProcessID=2231 | Method=monitorDiskSpace | Disk space usage at 90%. Please check.
2025-04-23 09:37:30.498 | FAILURE | ProcessID=2231 | Method=updateSettings | Update failed. Configuration file missing.
2025-04-23 09:38:00.320 | INFO  | ProcessID=2231 | Method=restartService | Restarting service: AuthenticationService.
2025-04-23 09:38:30.497 | ALERT | ProcessID=2231 | Method=checkAPIMonitoring | ALERT: API service response time exceeded 3 seconds.
2025-04-23 09:39:00.110 | INFO  | ProcessID=2231 | Method=shutdownServer | Server shut down successfully.
