2025-04-23 09:15:00.732 | INFO  | ProcessID=2231 | Method=validateSession | Session for user admin validated successfully.
2025-04-23 09:15:30.010 | ERROR | ProcessID=2231 | Method=fetchFile | Failed to fetch file. Error code: 404 (File Not Found).
2025-04-23 09:15:50.456 | WARNING | ProcessID=2231 | Method=updateCache | Cache update slower than expected. Time: 1.2s.
2025-04-23 09:16:10.227 | DEBUG | ProcessID=2231 | Method=checkCache | Cache status: {hit: 78%, miss: 22%}.
2025-04-23 09:16:35.654 | ALERT | ProcessID=2231 | Method=systemMonitor | ALERT: High CPU usage detected. 95% utilization.
2025-04-23 09:17:00.004 | INFO  | ProcessID=2231 | Method=startTask | Background task started successfully.
2025-04-23 09:17:25.310 | ERROR | ProcessID=2231 | Method=processOrder | Order processing failed due to payment gateway timeout.
2025-04-23 09:17:55.885 | DEBUG | ProcessID=2231 | Method=processOrder | Order details: {orderID: 9876, totalAmount: 150.00, userID: 12345}.
2025-04-23 09:18:10.205 | FAILURE | ProcessID=2231 | Method=validateCreditCard | Credit card validation failed. Error: Insufficient balance.
2025-04-23 09:18:40.671 | INFO  | ProcessID=2231 | Method=completeTransaction | Transaction completed successfully. Transaction ID: 111222.
2025-04-23 09:19:00.392 | WARNING | ProcessID=2231 | Method=checkSession | Session expiry time approaching. 5 minutes remaining.
2025-04-23 09:19:25.572 | ALERT | ProcessID=2231 | Method=checkDatabase | ALERT: Database replication lag detected. Lag: 3 minutes.
2025-04-23 09:19:45.814 | ERROR | ProcessID=2231 | Method=loadResource | Resource loading failed. Error Code: 502 (Bad Gateway).
2025-04-23 09:20:05.122 | DEBUG | ProcessID=2231 | Method=loadResource | Retrieving resource from: https://api.example.com/v1/resource.
2025-04-23 09:20:25.980 | FAILURE | ProcessID=2231 | Method=processRefund | Refund failed due to payment gateway error: "Transaction not found."
2025-04-23 09:20:45.500 | INFO  | ProcessID=2231 | Method=logActivity | User admin logged in successfully.
2025-04-23 09:21:00.256 | ERROR | ProcessID=2231 | Method=generateReport | Report generation failed. Error: Missing required parameters.
2025-04-23 09:21:25.885 | DEBUG | ProcessID=2231 | Method=generateReport | Parameters provided: {startDate: 2025-04-01, endDate: 2025-04-23}.
2025-04-23 09:21:50.342 | ALERT | ProcessID=2231 | Method=checkFirewall | ALERT: Suspicious activity detected in firewall logs.
2025-04-23 09:22:05.432 | FAILURE | ProcessID=2231 | Method=sendPushNotification | Failed to send push notification. User token expired.
2025-04-23 09:22:30.625 | INFO  | ProcessID=2231 | Method=flushLogs | Log file successfully flushed to disk.
2025-04-23 09:23:00.105 | DEBUG | ProcessID=2231 | Method=flushLogs | Flushing log buffer with 1000 entries.
2025-04-23 09:23:15.670 | ERROR | ProcessID=2231 | Method=restartService | Service restart failed. Error: Service already running.
2025-04-23 09:23:45.321 | INFO  | ProcessID=2231 | Method=startService | Service started successfully. Service: WebServer.
2025-04-23 09:24:10.581 | WARNING | ProcessID=2231 | Method=serviceHealthCheck | WebServer response time is 600ms.

